<?xml version="1.0" encoding="UTF-8"?>
<testsuite name="co.com.tns.business.ProcessLazyLoadTest" tests="1" skipped="0" failures="0" errors="0" timestamp="2017-07-31T16:46:53" hostname="TNS-PC" time="0.046">
  <properties/>
  <testcase name="process" classname="co.com.tns.business.ProcessLazyLoadTest" time="0.046"/>
  <system-out><![CDATA[]]></system-out>
  <system-err><![CDATA[]]></system-err>
</testsuite>
